2019-04-08 10:52:13.095 [main] INFO  pom.WebSiteBootstrap - Starting WebSiteBootstrap on localhost with PID 1267 (/Users/tang/Downloads/idea_sourcecode/pom-api-parent/pom-api-website/target/classes started by tang in /Users/tang/Downloads/idea_sourcecode/pom-api-parent)
2019-04-08 10:52:13.100 [main] INFO  pom.WebSiteBootstrap - The following profiles are active: test
2019-04-08 10:52:13.152 [main] INFO  o.s.b.c.e.AnnotationConfigEmbeddedWebApplicationContext - Refreshing org.springframework.boot.context.embedded.AnnotationConfigEmbeddedWebApplicationContext@13e39c73: startup date [Mon Apr 08 10:52:13 CST 2019]; root of context hierarchy
2019-04-08 10:52:13.274 [background-preinit] INFO  o.h.validator.internal.util.Version - HV000001: Hibernate Validator 5.3.6.Final
2019-04-08 10:52:13.857 [main] WARN  o.m.s.mapper.ClassPathMapperScanner - No MyBatis mapper was found in '[pom]' package. Please check your configuration.
2019-04-08 10:52:13.955 [main] WARN  o.s.c.a.ConfigurationClassPostProcessor - Cannot enhance @Configuration bean definition 'mybatisConfigurer' since its singleton instance has been created too early. The typical cause is a non-static @Bean method with a BeanDefinitionRegistryPostProcessor return type: Consider declaring such methods as 'static'.
2019-04-08 10:52:14.203 [main] INFO  o.s.c.s.PostProcessorRegistrationDelegate$BeanPostProcessorChecker - Bean 'org.springframework.transaction.annotation.ProxyTransactionManagementConfiguration' of type [org.springframework.transaction.annotation.ProxyTransactionManagementConfiguration$$EnhancerBySpringCGLIB$$c3b791b4] is not eligible for getting processed by all BeanPostProcessors (for example: not eligible for auto-proxying)
2019-04-08 10:52:14.648 [main] INFO  o.s.b.c.e.t.TomcatEmbeddedServletContainer - Tomcat initialized with port(s): 8091 (http)
2019-04-08 10:52:14.660 [main] INFO  o.a.catalina.core.StandardService - Starting service [Tomcat]
2019-04-08 10:52:14.661 [main] INFO  o.a.catalina.core.StandardEngine - Starting Servlet Engine: Apache Tomcat/8.5.27
2019-04-08 10:52:14.770 [localhost-startStop-1] INFO  o.a.c.c.C.[Tomcat].[localhost].[/] - Initializing Spring embedded WebApplicationContext
2019-04-08 10:52:14.770 [localhost-startStop-1] INFO  o.s.web.context.ContextLoader - Root WebApplicationContext: initialization completed in 1618 ms
2019-04-08 10:52:14.886 [localhost-startStop-1] INFO  o.s.b.w.s.ServletRegistrationBean - Mapping servlet: 'dispatcherServlet' to [/]
2019-04-08 10:52:14.889 [localhost-startStop-1] INFO  o.s.b.w.s.FilterRegistrationBean - Mapping filter: 'characterEncodingFilter' to: [/*]
2019-04-08 10:52:14.889 [localhost-startStop-1] INFO  o.s.b.w.s.FilterRegistrationBean - Mapping filter: 'hiddenHttpMethodFilter' to: [/*]
2019-04-08 10:52:14.889 [localhost-startStop-1] INFO  o.s.b.w.s.FilterRegistrationBean - Mapping filter: 'httpPutFormContentFilter' to: [/*]
2019-04-08 10:52:14.890 [localhost-startStop-1] INFO  o.s.b.w.s.FilterRegistrationBean - Mapping filter: 'requestContextFilter' to: [/*]
2019-04-08 10:52:15.727 [main] INFO  o.s.w.s.m.m.a.RequestMappingHandlerMapping - Mapped "{[/getIp],methods=[POST]}" onto public java.lang.String pom.api.gxg.controller.IpController.getIp(javax.servlet.http.HttpServletRequest)
2019-04-08 10:52:15.728 [main] INFO  o.s.w.s.m.m.a.RequestMappingHandlerMapping - Mapped "{[/o2oorder.add],methods=[POST]}" onto public pom.api.gxg.apiresult.Result pom.api.gxg.controller.O2OorderController.O2OorderAdd(javax.servlet.http.HttpServletRequest) throws java.io.IOException
2019-04-08 10:52:15.728 [main] INFO  o.s.w.s.m.m.a.RequestMappingHandlerMapping - Mapped "{[/o2oorder.getstock],methods=[POST],produces=[text/xml;charset=utf-8]}" onto public pom.api.gxg.apiresult.Result pom.api.gxg.controller.O2OorderController.getStock(pom.api.gxg.service.account.domain.o2ostockDomain) throws java.io.IOException
2019-04-08 10:52:15.729 [main] INFO  o.s.w.s.m.m.a.RequestMappingHandlerMapping - Mapped "{[/order.test],methods=[POST]}" onto public pom.api.gxg.apiresult.Result pom.api.gxg.controller.YunorderController.test(pom.api.gxg.service.account.entity.cainiao.BosPassMeYunorder)
2019-04-08 10:52:15.729 [main] INFO  o.s.w.s.m.m.a.RequestMappingHandlerMapping - Mapped "{[/order.yun],methods=[POST]}" onto public pom.api.gxg.apiresult.Result pom.api.gxg.controller.YunorderController.orderYun(pom.api.gxg.service.account.entity.cainiao.BosPassMeYunorder)
2019-04-08 10:52:15.729 [main] INFO  o.s.w.s.m.m.a.RequestMappingHandlerMapping - Mapped "{[/order.cancel],methods=[POST]}" onto public pom.api.gxg.apiresult.Result pom.api.gxg.controller.YunorderController.ordercancel(pom.api.gxg.service.account.entity.cainiao.BosPassMeYunorder)
2019-04-08 10:52:15.730 [main] INFO  o.s.w.s.m.m.a.RequestMappingHandlerMapping - Mapped "{[/v2/api-docs],methods=[GET],produces=[application/json || application/hal+json]}" onto public org.springframework.http.ResponseEntity<springfox.documentation.spring.web.json.Json> springfox.documentation.swagger2.web.Swagger2Controller.getDocumentation(java.lang.String,javax.servlet.http.HttpServletRequest)
2019-04-08 10:52:15.733 [main] INFO  o.s.w.s.m.m.a.RequestMappingHandlerMapping - Mapped "{[/swagger-resources]}" onto org.springframework.http.ResponseEntity<java.util.List<springfox.documentation.swagger.web.SwaggerResource>> springfox.documentation.swagger.web.ApiResourceController.swaggerResources()
2019-04-08 10:52:15.734 [main] INFO  o.s.w.s.m.m.a.RequestMappingHandlerMapping - Mapped "{[/swagger-resources/configuration/ui]}" onto org.springframework.http.ResponseEntity<springfox.documentation.swagger.web.UiConfiguration> springfox.documentation.swagger.web.ApiResourceController.uiConfiguration()
2019-04-08 10:52:15.734 [main] INFO  o.s.w.s.m.m.a.RequestMappingHandlerMapping - Mapped "{[/swagger-resources/configuration/security]}" onto org.springframework.http.ResponseEntity<springfox.documentation.swagger.web.SecurityConfiguration> springfox.documentation.swagger.web.ApiResourceController.securityConfiguration()
2019-04-08 10:52:15.737 [main] INFO  o.s.w.s.m.m.a.RequestMappingHandlerMapping - Mapped "{[/error]}" onto public org.springframework.http.ResponseEntity<java.util.Map<java.lang.String, java.lang.Object>> org.springframework.boot.autoconfigure.web.BasicErrorController.error(javax.servlet.http.HttpServletRequest)
2019-04-08 10:52:15.737 [main] INFO  o.s.w.s.m.m.a.RequestMappingHandlerMapping - Mapped "{[/error],produces=[text/html]}" onto public org.springframework.web.servlet.ModelAndView org.springframework.boot.autoconfigure.web.BasicErrorController.errorHtml(javax.servlet.http.HttpServletRequest,javax.servlet.http.HttpServletResponse)
2019-04-08 10:52:16.037 [main] INFO  o.s.w.s.m.m.a.RequestMappingHandlerAdapter - Looking for @ControllerAdvice: org.springframework.boot.context.embedded.AnnotationConfigEmbeddedWebApplicationContext@13e39c73: startup date [Mon Apr 08 10:52:13 CST 2019]; root of context hierarchy
2019-04-08 10:52:16.083 [main] INFO  o.s.w.s.h.SimpleUrlHandlerMapping - Mapped URL path [/webjars/**] onto handler of type [class org.springframework.web.servlet.resource.ResourceHttpRequestHandler]
2019-04-08 10:52:16.083 [main] INFO  o.s.w.s.h.SimpleUrlHandlerMapping - Mapped URL path [/**] onto handler of type [class org.springframework.web.servlet.resource.ResourceHttpRequestHandler]
2019-04-08 10:52:16.104 [main] INFO  o.s.w.s.h.SimpleUrlHandlerMapping - Mapped URL path [/**/favicon.ico] onto handler of type [class org.springframework.web.servlet.resource.ResourceHttpRequestHandler]
2019-04-08 10:52:16.316 [main] INFO  o.s.j.e.a.AnnotationMBeanExporter - Registering beans for JMX exposure on startup
2019-04-08 10:52:16.318 [main] INFO  o.s.j.e.a.AnnotationMBeanExporter - Bean with name 'dataSource' has been autodetected for JMX exposure
2019-04-08 10:52:16.325 [main] INFO  o.s.j.e.a.AnnotationMBeanExporter - Located MBean 'dataSource': registering with JMX server as MBean [com.alibaba.druid.pool:name=dataSource,type=DruidDataSource]
2019-04-08 10:52:16.331 [main] INFO  o.s.c.s.DefaultLifecycleProcessor - Starting beans in phase 2147483647
2019-04-08 10:52:16.331 [main] INFO  s.d.s.w.p.DocumentationPluginsBootstrapper - Context refreshed
2019-04-08 10:52:16.354 [main] INFO  s.d.s.w.p.DocumentationPluginsBootstrapper - Found 1 custom documentation plugin(s)
2019-04-08 10:52:16.368 [main] INFO  s.d.s.w.s.ApiListingReferenceScanner - Scanning for api listing references
2019-04-08 10:52:16.610 [main] INFO  o.a.coyote.http11.Http11NioProtocol - Initializing ProtocolHandler ["http-nio-8091"]
2019-04-08 10:52:16.616 [main] INFO  o.a.coyote.http11.Http11NioProtocol - Starting ProtocolHandler ["http-nio-8091"]
2019-04-08 10:52:16.638 [main] INFO  o.a.tomcat.util.net.NioSelectorPool - Using a shared selector for servlet write/read
2019-04-08 10:52:16.654 [main] INFO  o.s.b.c.e.t.TomcatEmbeddedServletContainer - Tomcat started on port(s): 8091 (http)
2019-04-08 10:52:16.659 [main] INFO  pom.WebSiteBootstrap - Started WebSiteBootstrap in 3.974 seconds (JVM running for 4.646)
2019-04-08 10:52:24.385 [http-nio-8091-exec-1] INFO  o.a.c.c.C.[Tomcat].[localhost].[/] - Initializing Spring FrameworkServlet 'dispatcherServlet'
2019-04-08 10:52:24.385 [http-nio-8091-exec-1] INFO  o.s.web.servlet.DispatcherServlet - FrameworkServlet 'dispatcherServlet': initialization started
2019-04-08 10:52:24.403 [http-nio-8091-exec-1] INFO  o.s.web.servlet.DispatcherServlet - FrameworkServlet 'dispatcherServlet': initialization completed in 18 ms
2019-04-08 10:52:24.520 [http-nio-8091-exec-1] INFO  c.alibaba.druid.pool.DruidDataSource - {dataSource-1} inited
2019-04-08 11:07:06.109 [Thread-11] INFO  o.s.b.c.e.AnnotationConfigEmbeddedWebApplicationContext - Closing org.springframework.boot.context.embedded.AnnotationConfigEmbeddedWebApplicationContext@13e39c73: startup date [Mon Apr 08 10:52:13 CST 2019]; root of context hierarchy
2019-04-08 11:07:06.111 [Thread-11] INFO  o.s.c.s.DefaultLifecycleProcessor - Stopping beans in phase 2147483647
2019-04-08 11:07:06.112 [Thread-11] INFO  o.s.j.e.a.AnnotationMBeanExporter - Unregistering JMX-exposed beans on shutdown
2019-04-08 11:07:06.112 [Thread-11] INFO  o.s.j.e.a.AnnotationMBeanExporter - Unregistering JMX-exposed beans
2019-04-08 11:07:06.152 [Thread-11] INFO  c.alibaba.druid.pool.DruidDataSource - {dataSource-1} closed
2019-04-08 11:07:08.494 [main] INFO  pom.WebSiteBootstrap - Starting WebSiteBootstrap on localhost with PID 1590 (/Users/tang/Downloads/idea_sourcecode/pom-api-parent/pom-api-website/target/classes started by tang in /Users/tang/Downloads/idea_sourcecode/pom-api-parent)
2019-04-08 11:07:08.498 [main] INFO  pom.WebSiteBootstrap - The following profiles are active: test
2019-04-08 11:07:08.548 [main] INFO  o.s.b.c.e.AnnotationConfigEmbeddedWebApplicationContext - Refreshing org.springframework.boot.context.embedded.AnnotationConfigEmbeddedWebApplicationContext@13e39c73: startup date [Mon Apr 08 11:07:08 CST 2019]; root of context hierarchy
2019-04-08 11:07:08.678 [background-preinit] INFO  o.h.validator.internal.util.Version - HV000001: Hibernate Validator 5.3.6.Final
2019-04-08 11:07:09.310 [main] WARN  o.m.s.mapper.ClassPathMapperScanner - No MyBatis mapper was found in '[pom]' package. Please check your configuration.
2019-04-08 11:07:09.430 [main] WARN  o.s.c.a.ConfigurationClassPostProcessor - Cannot enhance @Configuration bean definition 'mybatisConfigurer' since its singleton instance has been created too early. The typical cause is a non-static @Bean method with a BeanDefinitionRegistryPostProcessor return type: Consider declaring such methods as 'static'.
2019-04-08 11:07:09.708 [main] INFO  o.s.c.s.PostProcessorRegistrationDelegate$BeanPostProcessorChecker - Bean 'org.springframework.transaction.annotation.ProxyTransactionManagementConfiguration' of type [org.springframework.transaction.annotation.ProxyTransactionManagementConfiguration$$EnhancerBySpringCGLIB$$4edea684] is not eligible for getting processed by all BeanPostProcessors (for example: not eligible for auto-proxying)
2019-04-08 11:07:10.128 [main] INFO  o.s.b.c.e.t.TomcatEmbeddedServletContainer - Tomcat initialized with port(s): 8091 (http)
2019-04-08 11:07:10.138 [main] INFO  o.a.catalina.core.StandardService - Starting service [Tomcat]
2019-04-08 11:07:10.139 [main] INFO  o.a.catalina.core.StandardEngine - Starting Servlet Engine: Apache Tomcat/8.5.27
2019-04-08 11:07:10.232 [localhost-startStop-1] INFO  o.a.c.c.C.[Tomcat].[localhost].[/] - Initializing Spring embedded WebApplicationContext
2019-04-08 11:07:10.232 [localhost-startStop-1] INFO  o.s.web.context.ContextLoader - Root WebApplicationContext: initialization completed in 1684 ms
2019-04-08 11:07:10.342 [localhost-startStop-1] INFO  o.s.b.w.s.ServletRegistrationBean - Mapping servlet: 'dispatcherServlet' to [/]
2019-04-08 11:07:10.346 [localhost-startStop-1] INFO  o.s.b.w.s.FilterRegistrationBean - Mapping filter: 'characterEncodingFilter' to: [/*]
2019-04-08 11:07:10.346 [localhost-startStop-1] INFO  o.s.b.w.s.FilterRegistrationBean - Mapping filter: 'hiddenHttpMethodFilter' to: [/*]
2019-04-08 11:07:10.346 [localhost-startStop-1] INFO  o.s.b.w.s.FilterRegistrationBean - Mapping filter: 'httpPutFormContentFilter' to: [/*]
2019-04-08 11:07:10.346 [localhost-startStop-1] INFO  o.s.b.w.s.FilterRegistrationBean - Mapping filter: 'requestContextFilter' to: [/*]
2019-04-08 11:07:10.947 [main] INFO  o.s.w.s.m.m.a.RequestMappingHandlerMapping - Mapped "{[/getIp],methods=[POST]}" onto public java.lang.String pom.api.gxg.controller.IpController.getIp(javax.servlet.http.HttpServletRequest)
2019-04-08 11:07:10.948 [main] INFO  o.s.w.s.m.m.a.RequestMappingHandlerMapping - Mapped "{[/o2oorder.add],methods=[POST]}" onto public pom.api.gxg.apiresult.Result pom.api.gxg.controller.O2OorderController.O2OorderAdd(javax.servlet.http.HttpServletRequest) throws java.io.IOException
2019-04-08 11:07:10.949 [main] INFO  o.s.w.s.m.m.a.RequestMappingHandlerMapping - Mapped "{[/o2oorder.getstock],methods=[POST],produces=[text/xml;charset=utf-8]}" onto public pom.api.gxg.apiresult.Result pom.api.gxg.controller.O2OorderController.getStock(pom.api.gxg.service.account.domain.o2ostockDomain) throws java.io.IOException
2019-04-08 11:07:10.950 [main] INFO  o.s.w.s.m.m.a.RequestMappingHandlerMapping - Mapped "{[/order.test],methods=[POST]}" onto public pom.api.gxg.apiresult.Result pom.api.gxg.controller.YunorderController.test(pom.api.gxg.service.account.entity.cainiao.BosPassMeYunorder)
2019-04-08 11:07:10.950 [main] INFO  o.s.w.s.m.m.a.RequestMappingHandlerMapping - Mapped "{[/order.yun],methods=[POST]}" onto public pom.api.gxg.apiresult.Result pom.api.gxg.controller.YunorderController.orderYun(pom.api.gxg.service.account.entity.cainiao.BosPassMeYunorder)
2019-04-08 11:07:10.950 [main] INFO  o.s.w.s.m.m.a.RequestMappingHandlerMapping - Mapped "{[/order.cancel],methods=[POST]}" onto public pom.api.gxg.apiresult.Result pom.api.gxg.controller.YunorderController.ordercancel(pom.api.gxg.service.account.entity.cainiao.BosPassMeYunorder)
2019-04-08 11:07:10.951 [main] INFO  o.s.w.s.m.m.a.RequestMappingHandlerMapping - Mapped "{[/v2/api-docs],methods=[GET],produces=[application/json || application/hal+json]}" onto public org.springframework.http.ResponseEntity<springfox.documentation.spring.web.json.Json> springfox.documentation.swagger2.web.Swagger2Controller.getDocumentation(java.lang.String,javax.servlet.http.HttpServletRequest)
2019-04-08 11:07:10.955 [main] INFO  o.s.w.s.m.m.a.RequestMappingHandlerMapping - Mapped "{[/swagger-resources]}" onto org.springframework.http.ResponseEntity<java.util.List<springfox.documentation.swagger.web.SwaggerResource>> springfox.documentation.swagger.web.ApiResourceController.swaggerResources()
2019-04-08 11:07:10.956 [main] INFO  o.s.w.s.m.m.a.RequestMappingHandlerMapping - Mapped "{[/swagger-resources/configuration/security]}" onto org.springframework.http.ResponseEntity<springfox.documentation.swagger.web.SecurityConfiguration> springfox.documentation.swagger.web.ApiResourceController.securityConfiguration()
2019-04-08 11:07:10.957 [main] INFO  o.s.w.s.m.m.a.RequestMappingHandlerMapping - Mapped "{[/swagger-resources/configuration/ui]}" onto org.springframework.http.ResponseEntity<springfox.documentation.swagger.web.UiConfiguration> springfox.documentation.swagger.web.ApiResourceController.uiConfiguration()
2019-04-08 11:07:10.960 [main] INFO  o.s.w.s.m.m.a.RequestMappingHandlerMapping - Mapped "{[/error]}" onto public org.springframework.http.ResponseEntity<java.util.Map<java.lang.String, java.lang.Object>> org.springframework.boot.autoconfigure.web.BasicErrorController.error(javax.servlet.http.HttpServletRequest)
2019-04-08 11:07:10.961 [main] INFO  o.s.w.s.m.m.a.RequestMappingHandlerMapping - Mapped "{[/error],produces=[text/html]}" onto public org.springframework.web.servlet.ModelAndView org.springframework.boot.autoconfigure.web.BasicErrorController.errorHtml(javax.servlet.http.HttpServletRequest,javax.servlet.http.HttpServletResponse)
2019-04-08 11:07:11.265 [main] INFO  o.s.w.s.m.m.a.RequestMappingHandlerAdapter - Looking for @ControllerAdvice: org.springframework.boot.context.embedded.AnnotationConfigEmbeddedWebApplicationContext@13e39c73: startup date [Mon Apr 08 11:07:08 CST 2019]; root of context hierarchy
2019-04-08 11:07:11.301 [main] INFO  o.s.w.s.h.SimpleUrlHandlerMapping - Mapped URL path [/webjars/**] onto handler of type [class org.springframework.web.servlet.resource.ResourceHttpRequestHandler]
2019-04-08 11:07:11.301 [main] INFO  o.s.w.s.h.SimpleUrlHandlerMapping - Mapped URL path [/**] onto handler of type [class org.springframework.web.servlet.resource.ResourceHttpRequestHandler]
2019-04-08 11:07:11.323 [main] INFO  o.s.w.s.h.SimpleUrlHandlerMapping - Mapped URL path [/**/favicon.ico] onto handler of type [class org.springframework.web.servlet.resource.ResourceHttpRequestHandler]
2019-04-08 11:07:11.490 [main] INFO  o.s.j.e.a.AnnotationMBeanExporter - Registering beans for JMX exposure on startup
2019-04-08 11:07:11.491 [main] INFO  o.s.j.e.a.AnnotationMBeanExporter - Bean with name 'dataSource' has been autodetected for JMX exposure
2019-04-08 11:07:11.497 [main] INFO  o.s.j.e.a.AnnotationMBeanExporter - Located MBean 'dataSource': registering with JMX server as MBean [com.alibaba.druid.pool:name=dataSource,type=DruidDataSource]
2019-04-08 11:07:11.500 [main] INFO  o.s.c.s.DefaultLifecycleProcessor - Starting beans in phase 2147483647
2019-04-08 11:07:11.500 [main] INFO  s.d.s.w.p.DocumentationPluginsBootstrapper - Context refreshed
2019-04-08 11:07:11.513 [main] INFO  s.d.s.w.p.DocumentationPluginsBootstrapper - Found 1 custom documentation plugin(s)
2019-04-08 11:07:11.525 [main] INFO  s.d.s.w.s.ApiListingReferenceScanner - Scanning for api listing references
2019-04-08 11:07:11.737 [main] INFO  o.a.coyote.http11.Http11NioProtocol - Initializing ProtocolHandler ["http-nio-8091"]
2019-04-08 11:07:11.742 [main] INFO  o.a.coyote.http11.Http11NioProtocol - Starting ProtocolHandler ["http-nio-8091"]
2019-04-08 11:07:11.769 [main] INFO  o.a.tomcat.util.net.NioSelectorPool - Using a shared selector for servlet write/read
2019-04-08 11:07:11.780 [main] INFO  o.s.b.c.e.t.TomcatEmbeddedServletContainer - Tomcat started on port(s): 8091 (http)
2019-04-08 11:07:11.786 [main] INFO  pom.WebSiteBootstrap - Started WebSiteBootstrap in 3.623 seconds (JVM running for 4.167)
2019-04-08 11:07:24.608 [http-nio-8091-exec-1] INFO  o.a.c.c.C.[Tomcat].[localhost].[/] - Initializing Spring FrameworkServlet 'dispatcherServlet'
2019-04-08 11:07:24.608 [http-nio-8091-exec-1] INFO  o.s.web.servlet.DispatcherServlet - FrameworkServlet 'dispatcherServlet': initialization started
2019-04-08 11:07:24.627 [http-nio-8091-exec-1] INFO  o.s.web.servlet.DispatcherServlet - FrameworkServlet 'dispatcherServlet': initialization completed in 19 ms
2019-04-08 11:07:24.698 [http-nio-8091-exec-1] INFO  c.alibaba.druid.pool.DruidDataSource - {dataSource-1} inited
2019-04-08 11:07:28.992 [Thread-11] INFO  o.s.b.c.e.AnnotationConfigEmbeddedWebApplicationContext - Closing org.springframework.boot.context.embedded.AnnotationConfigEmbeddedWebApplicationContext@13e39c73: startup date [Mon Apr 08 11:07:08 CST 2019]; root of context hierarchy
2019-04-08 11:07:28.995 [Thread-11] INFO  o.s.c.s.DefaultLifecycleProcessor - Stopping beans in phase 2147483647
2019-04-08 11:07:28.996 [Thread-11] INFO  o.s.j.e.a.AnnotationMBeanExporter - Unregistering JMX-exposed beans on shutdown
2019-04-08 11:07:28.997 [Thread-11] INFO  o.s.j.e.a.AnnotationMBeanExporter - Unregistering JMX-exposed beans
2019-04-08 11:07:29.061 [Thread-11] INFO  c.alibaba.druid.pool.DruidDataSource - {dataSource-1} closed
2019-04-08 11:29:40.910 [main] INFO  pom.WebSiteBootstrap - Starting WebSiteBootstrap on localhost with PID 2050 (/Users/tang/Downloads/idea_sourcecode/pom-api-parent/pom-api-website/target/classes started by tang in /Users/tang/Downloads/idea_sourcecode/pom-api-parent)
2019-04-08 11:29:40.914 [main] INFO  pom.WebSiteBootstrap - The following profiles are active: test
2019-04-08 11:29:40.968 [main] INFO  o.s.b.c.e.AnnotationConfigEmbeddedWebApplicationContext - Refreshing org.springframework.boot.context.embedded.AnnotationConfigEmbeddedWebApplicationContext@13e39c73: startup date [Mon Apr 08 11:29:40 CST 2019]; root of context hierarchy
2019-04-08 11:29:41.103 [background-preinit] INFO  o.h.validator.internal.util.Version - HV000001: Hibernate Validator 5.3.6.Final
2019-04-08 11:29:41.649 [main] WARN  o.m.s.mapper.ClassPathMapperScanner - No MyBatis mapper was found in '[pom]' package. Please check your configuration.
2019-04-08 11:29:41.749 [main] WARN  o.s.c.a.ConfigurationClassPostProcessor - Cannot enhance @Configuration bean definition 'mybatisConfigurer' since its singleton instance has been created too early. The typical cause is a non-static @Bean method with a BeanDefinitionRegistryPostProcessor return type: Consider declaring such methods as 'static'.
2019-04-08 11:29:41.998 [main] INFO  o.s.c.s.PostProcessorRegistrationDelegate$BeanPostProcessorChecker - Bean 'org.springframework.transaction.annotation.ProxyTransactionManagementConfiguration' of type [org.springframework.transaction.annotation.ProxyTransactionManagementConfiguration$$EnhancerBySpringCGLIB$$a4dfc831] is not eligible for getting processed by all BeanPostProcessors (for example: not eligible for auto-proxying)
2019-04-08 11:29:42.353 [main] INFO  o.s.b.c.e.t.TomcatEmbeddedServletContainer - Tomcat initialized with port(s): 8091 (http)
2019-04-08 11:29:42.362 [main] INFO  o.a.catalina.core.StandardService - Starting service [Tomcat]
2019-04-08 11:29:42.362 [main] INFO  o.a.catalina.core.StandardEngine - Starting Servlet Engine: Apache Tomcat/8.5.27
2019-04-08 11:29:42.444 [localhost-startStop-1] INFO  o.a.c.c.C.[Tomcat].[localhost].[/] - Initializing Spring embedded WebApplicationContext
2019-04-08 11:29:42.444 [localhost-startStop-1] INFO  o.s.web.context.ContextLoader - Root WebApplicationContext: initialization completed in 1476 ms
2019-04-08 11:29:42.574 [localhost-startStop-1] INFO  o.s.b.w.s.ServletRegistrationBean - Mapping servlet: 'dispatcherServlet' to [/]
2019-04-08 11:29:42.577 [localhost-startStop-1] INFO  o.s.b.w.s.FilterRegistrationBean - Mapping filter: 'characterEncodingFilter' to: [/*]
2019-04-08 11:29:42.578 [localhost-startStop-1] INFO  o.s.b.w.s.FilterRegistrationBean - Mapping filter: 'hiddenHttpMethodFilter' to: [/*]
2019-04-08 11:29:42.578 [localhost-startStop-1] INFO  o.s.b.w.s.FilterRegistrationBean - Mapping filter: 'httpPutFormContentFilter' to: [/*]
2019-04-08 11:29:42.578 [localhost-startStop-1] INFO  o.s.b.w.s.FilterRegistrationBean - Mapping filter: 'requestContextFilter' to: [/*]
2019-04-08 11:29:43.130 [main] INFO  o.s.w.s.m.m.a.RequestMappingHandlerMapping - Mapped "{[/getIp],methods=[POST]}" onto public java.lang.String pom.api.gxg.controller.IpController.getIp(javax.servlet.http.HttpServletRequest)
2019-04-08 11:29:43.131 [main] INFO  o.s.w.s.m.m.a.RequestMappingHandlerMapping - Mapped "{[/o2oorder.add],methods=[POST]}" onto public pom.api.gxg.apiresult.Result pom.api.gxg.controller.O2OorderController.O2OorderAdd(javax.servlet.http.HttpServletRequest) throws java.io.IOException
2019-04-08 11:29:43.132 [main] INFO  o.s.w.s.m.m.a.RequestMappingHandlerMapping - Mapped "{[/o2oorder.getstock],methods=[POST],produces=[text/xml;charset=utf-8]}" onto public pom.api.gxg.apiresult.Result pom.api.gxg.controller.O2OorderController.getStock(pom.api.gxg.service.account.domain.o2ostockDomain) throws java.io.IOException
2019-04-08 11:29:43.132 [main] INFO  o.s.w.s.m.m.a.RequestMappingHandlerMapping - Mapped "{[/order.test],methods=[POST]}" onto public pom.api.gxg.apiresult.Result pom.api.gxg.controller.YunorderController.test(pom.api.gxg.service.account.entity.cainiao.BosPassMeYunorder)
2019-04-08 11:29:43.132 [main] INFO  o.s.w.s.m.m.a.RequestMappingHandlerMapping - Mapped "{[/order.yun],methods=[POST]}" onto public pom.api.gxg.apiresult.Result pom.api.gxg.controller.YunorderController.orderYun(pom.api.gxg.service.account.entity.cainiao.BosPassMeYunorder)
2019-04-08 11:29:43.133 [main] INFO  o.s.w.s.m.m.a.RequestMappingHandlerMapping - Mapped "{[/order.cancel],methods=[POST]}" onto public pom.api.gxg.apiresult.Result pom.api.gxg.controller.YunorderController.ordercancel(pom.api.gxg.service.account.entity.cainiao.BosPassMeYunorder)
2019-04-08 11:29:43.134 [main] INFO  o.s.w.s.m.m.a.RequestMappingHandlerMapping - Mapped "{[/v2/api-docs],methods=[GET],produces=[application/json || application/hal+json]}" onto public org.springframework.http.ResponseEntity<springfox.documentation.spring.web.json.Json> springfox.documentation.swagger2.web.Swagger2Controller.getDocumentation(java.lang.String,javax.servlet.http.HttpServletRequest)
2019-04-08 11:29:43.138 [main] INFO  o.s.w.s.m.m.a.RequestMappingHandlerMapping - Mapped "{[/swagger-resources]}" onto org.springframework.http.ResponseEntity<java.util.List<springfox.documentation.swagger.web.SwaggerResource>> springfox.documentation.swagger.web.ApiResourceController.swaggerResources()
2019-04-08 11:29:43.139 [main] INFO  o.s.w.s.m.m.a.RequestMappingHandlerMapping - Mapped "{[/swagger-resources/configuration/security]}" onto org.springframework.http.ResponseEntity<springfox.documentation.swagger.web.SecurityConfiguration> springfox.documentation.swagger.web.ApiResourceController.securityConfiguration()
2019-04-08 11:29:43.139 [main] INFO  o.s.w.s.m.m.a.RequestMappingHandlerMapping - Mapped "{[/swagger-resources/configuration/ui]}" onto org.springframework.http.ResponseEntity<springfox.documentation.swagger.web.UiConfiguration> springfox.documentation.swagger.web.ApiResourceController.uiConfiguration()
2019-04-08 11:29:43.143 [main] INFO  o.s.w.s.m.m.a.RequestMappingHandlerMapping - Mapped "{[/error]}" onto public org.springframework.http.ResponseEntity<java.util.Map<java.lang.String, java.lang.Object>> org.springframework.boot.autoconfigure.web.BasicErrorController.error(javax.servlet.http.HttpServletRequest)
2019-04-08 11:29:43.143 [main] INFO  o.s.w.s.m.m.a.RequestMappingHandlerMapping - Mapped "{[/error],produces=[text/html]}" onto public org.springframework.web.servlet.ModelAndView org.springframework.boot.autoconfigure.web.BasicErrorController.errorHtml(javax.servlet.http.HttpServletRequest,javax.servlet.http.HttpServletResponse)
2019-04-08 11:29:43.442 [main] INFO  o.s.w.s.m.m.a.RequestMappingHandlerAdapter - Looking for @ControllerAdvice: org.springframework.boot.context.embedded.AnnotationConfigEmbeddedWebApplicationContext@13e39c73: startup date [Mon Apr 08 11:29:40 CST 2019]; root of context hierarchy
2019-04-08 11:29:43.478 [main] INFO  o.s.w.s.h.SimpleUrlHandlerMapping - Mapped URL path [/webjars/**] onto handler of type [class org.springframework.web.servlet.resource.ResourceHttpRequestHandler]
2019-04-08 11:29:43.478 [main] INFO  o.s.w.s.h.SimpleUrlHandlerMapping - Mapped URL path [/**] onto handler of type [class org.springframework.web.servlet.resource.ResourceHttpRequestHandler]
2019-04-08 11:29:43.497 [main] INFO  o.s.w.s.h.SimpleUrlHandlerMapping - Mapped URL path [/**/favicon.ico] onto handler of type [class org.springframework.web.servlet.resource.ResourceHttpRequestHandler]
2019-04-08 11:29:43.657 [main] INFO  o.s.j.e.a.AnnotationMBeanExporter - Registering beans for JMX exposure on startup
2019-04-08 11:29:43.658 [main] INFO  o.s.j.e.a.AnnotationMBeanExporter - Bean with name 'dataSource' has been autodetected for JMX exposure
2019-04-08 11:29:43.663 [main] INFO  o.s.j.e.a.AnnotationMBeanExporter - Located MBean 'dataSource': registering with JMX server as MBean [com.alibaba.druid.pool:name=dataSource,type=DruidDataSource]
2019-04-08 11:29:43.666 [main] INFO  o.s.c.s.DefaultLifecycleProcessor - Starting beans in phase 2147483647
2019-04-08 11:29:43.666 [main] INFO  s.d.s.w.p.DocumentationPluginsBootstrapper - Context refreshed
2019-04-08 11:29:43.677 [main] INFO  s.d.s.w.p.DocumentationPluginsBootstrapper - Found 1 custom documentation plugin(s)
2019-04-08 11:29:43.686 [main] INFO  s.d.s.w.s.ApiListingReferenceScanner - Scanning for api listing references
2019-04-08 11:29:43.890 [main] INFO  o.a.coyote.http11.Http11NioProtocol - Initializing ProtocolHandler ["http-nio-8091"]
2019-04-08 11:29:43.895 [main] INFO  o.a.coyote.http11.Http11NioProtocol - Starting ProtocolHandler ["http-nio-8091"]
2019-04-08 11:29:43.919 [main] INFO  o.a.tomcat.util.net.NioSelectorPool - Using a shared selector for servlet write/read
2019-04-08 11:29:43.931 [main] INFO  o.s.b.c.e.t.TomcatEmbeddedServletContainer - Tomcat started on port(s): 8091 (http)
2019-04-08 11:29:43.937 [main] INFO  pom.WebSiteBootstrap - Started WebSiteBootstrap in 3.336 seconds (JVM running for 3.838)
2019-04-08 11:29:46.855 [Thread-10] INFO  o.s.b.c.e.AnnotationConfigEmbeddedWebApplicationContext - Closing org.springframework.boot.context.embedded.AnnotationConfigEmbeddedWebApplicationContext@13e39c73: startup date [Mon Apr 08 11:29:40 CST 2019]; root of context hierarchy
2019-04-08 11:29:46.857 [Thread-10] INFO  o.s.c.s.DefaultLifecycleProcessor - Stopping beans in phase 2147483647
2019-04-08 11:29:46.858 [Thread-10] INFO  o.s.j.e.a.AnnotationMBeanExporter - Unregistering JMX-exposed beans on shutdown
2019-04-08 11:29:46.858 [Thread-10] INFO  o.s.j.e.a.AnnotationMBeanExporter - Unregistering JMX-exposed beans
